<?xml version="1.0" encoding="UTF-8"?>
<!-- Generated by org.testng.reporters.JUnitReportReporter -->
<testsuite hostname="LAPTOP-0C2J6EKH" failures="0" tests="1" name="Project1.TestCase16" time="31.936" errors="0" timestamp="2023-12-28T21:10:14 IST" skipped="0">
  <testcase classname="Project1.TestCase16" name="LoginBeforeCheckout" time="31.936"/>
</testsuite> <!-- Project1.TestCase16 -->
