<?xml version="1.0" encoding="UTF-8"?>
<!-- Generated by org.testng.reporters.JUnitReportReporter -->
<testsuite hostname="LAPTOP-0C2J6EKH" failures="0" tests="1" name="Project1.TestCase3" time="5.338" errors="0" timestamp="2023-12-28T20:48:07 IST" skipped="0">
  <testcase classname="Project1.TestCase3" name="login_incorrect" time="5.338"/>
</testsuite> <!-- Project1.TestCase3 -->
